
xv6 kernel is booting

hart 2 starting
hart 1 starting
init: starting sh
$ usertests -q
usertests starting
test copyin: OK
test copyout: OK
test copyinstr1: OK
test copyinstr2: OK
test copyinstr3: OK
test rwsbrk: OK
test truncate1: OK
test truncate2: OK
test truncate3: OK
test openiput: backtrace:
0x0000000080002208
0x00000000800020f0
0x0000000080001d86
OK
test exitiput: OK
test iput: OK
test opentest: OK
test writetest: OK
test writebig: OK
test createtest: OK
test dirtest: OK
test exectest: OK
test pipe1: OK
test killstatus: backtrace:
0x0000000080002208
0x00000000800020f0
0x0000000080001d86
backtrace:
0x0000000080002208
0x00000000800020f0
0x0000000080001d86
backtrace:
0x0000000080002208
0x00000000800020f0
0x0000000080001d86
backtrace:
0x0000000080002208
0x00000000800020f0
0x0000000080001d86
backtrace:
0x0000000080002208
0x00000000800020f0
0x0000000080001d86
backtrace:
0x0000000080002208
0x00000000800020f0
0x0000000080001d86
backtrace:
0x0000000080002208
0x00000000800020f0
0x0000000080001d86
backtrace:
0x0000000080002208
0x00000000800020f0
0x0000000080001d86
backtrace:
0x0000000080002208
0x00000000800020f0
0x0000000080001d86
backtrace:
0x0000000080002208
0x00000000800020f0
0x0000000080001d86
backtrace:
0x0000000080002208
0x00000000800020f0
0x0000000080001d86
backtrace:
0x0000000080002208
0x00000000800020f0
0x0000000080001d86
backtrace:
0x0000000080002208
0x00000000800020f0
0x0000000080001d86
backtrace:
0x0000000080002208
0x00000000800020f0
0x0000000080001d86
backtrace:
0x0000000080002208
0x00000000800020f0
0x0000000080001d86
backtrace:
0x0000000080002208
0x00000000800020f0
0x0000000080001d86
backtrace:
0x0000000080002208
0x00000000800020f0
0x0000000080001d86
backtrace:
0x0000000080002208
0x00000000800020f0
0x0000000080001d86
backtrace:
0x0000000080002208
0x00000000800020f0
0x0000000080001d86
backtrace:
0x0000000080002208
0x00000000800020f0
0x0000000080001d86
backtrace:
0x0000000080002208
0x00000000800020f0
0x0000000080001d86
backtrace:
0x0000000080002208
0x00000000800020f0
0x0000000080001d86
backtrace:
0x0000000080002208
0x00000000800020f0
0x0000000080001d86
backtrace:
0x0000000080002208
0x00000000800020f0
0x0000000080001d86
backtrace:
0x0000000080002208
0x00000000800020f0
0x0000000080001d86
backtrace:
0x0000000080002208
0x00000000800020f0
0x0000000080001d86
backtrace:
0x0000000080002208
0x00000000800020f0
0x0000000080001d86
backtrace:
0x0000000080002208
0x00000000800020f0
0x0000000080001d86
backtrace:
0x0000000080002208
0x00000000800020f0
0x0000000080001d86
backtrace:
0x0000000080002208
0x00000000800020f0
0x0000000080001d86
backtrace:
0x0000000080002208
0x00000000800020f0
0x0000000080001d86
backtrace:
0x0000000080002208
0x00000000800020f0
0x0000000080001d86
backtrace:
0x0000000080002208
0x00000000800020f0
0x0000000080001d86
backtrace:
0x0000000080002208
0x00000000800020f0
0x0000000080001d86
backtrace:
0x0000000080002208
0x00000000800020f0
0x0000000080001d86
backtrace:
0x0000000080002208
0x00000000800020f0
0x0000000080001d86
backtrace:
0x0000000080002208
0x00000000800020f0
0x0000000080001d86
backtrace:
0x0000000080002208
0x00000000800020f0
0x0000000080001d86
backtrace:
0x0000000080002208
0x00000000800020f0
0x0000000080001d86
backtrace:
0x0000000080002208
0x00000000800020f0
0x0000000080001d86
backtrace:
0x0000000080002208
0x00000000800020f0
0x0000000080001d86
backtrace:
0x0000000080002208
0x00000000800020f0
0x0000000080001d86
backtrace:
0x0000000080002208
0x00000000800020f0
0x0000000080001d86
backtrace:
0x0000000080002208
0x00000000800020f0
0x0000000080001d86
backtrace:
0x0000000080002208
0x00000000800020f0
0x0000000080001d86
backtrace:
0x0000000080002208
0x00000000800020f0
0x0000000080001d86
backtrace:
0x0000000080002208
0x00000000800020f0
0x0000000080001d86
backtrace:
0x0000000080002208
0x00000000800020f0
0x0000000080001d86
backtrace:
0x0000000080002208
0x00000000800020f0
0x0000000080001d86
backtrace:
0x0000000080002208
0x00000000800020f0
0x0000000080001d86
backtrace:
0x0000000080002208
0x00000000800020f0
0x0000000080001d86
backtrace:
0x0000000080002208
0x00000000800020f0
0x0000000080001d86
backtrace:
0x0000000080002208
0x00000000800020f0
0x0000000080001d86
backtrace:
0x0000000080002208
0x00000000800020f0
0x0000000080001d86
backtrace:
0x0000000080002208
0x00000000800020f0
0x0000000080001d86
backtrace:
0x0000000080002208
0x00000000800020f0
0x0000000080001d86
backtrace:
0x0000000080002208
0x00000000800020f0
0x0000000080001d86
backtrace:
0x0000000080002208
0x00000000800020f0
0x0000000080001d86
backtrace:
0x0000000080002208
0x00000000800020f0
0x0000000080001d86
backtrace:
0x0000000080002208
0x00000000800020f0
0x0000000080001d86
backtrace:
0x0000000080002208
0x00000000800020f0
0x0000000080001d86
backtrace:
0x0000000080002208
0x00000000800020f0
0x0000000080001d86
qemu-system-riscv64: terminating on signal 2 from pid 33625 (<unknown process>)
